<?xml version="1.0" encoding="UTF-8"?>
<robot generator="Robot 4.1.1 (Python 3.9.7 on win32)" generated="20210916 10:07:04.328" rpa="false" schemaversion="2">
<suite id="s1" name="Specs" source="C:\projects\marvel-api\specs">
<suite id="s1-s1" name="CreateCharacters" source="C:\projects\marvel-api\specs\CreateCharacters.robot">
<kw name="Super Setup" library="Base" type="SETUP">
<arg>papito@yahoo.com</arg>
<kw name="Set Client Key" library="Base">
<arg>${email}</arg>
<kw name="Create Dictionary" library="BuiltIn">
<var>&amp;{usuario}</var>
<arg>email=${email}</arg>
<doc>Creates and returns a dictionary based on the given ``items``.</doc>
<msg timestamp="20210916 10:07:04.862" level="INFO">&amp;{usuario} = { email=papito@yahoo.com }</msg>
<status status="PASS" starttime="20210916 10:07:04.861" endtime="20210916 10:07:04.862"/>
</kw>
<kw name="POST" library="RequestsLibrary">
<var>${response}</var>
<arg>${API_URL}/accounts</arg>
<arg>json=${usuario}</arg>
<doc>Sends a POST request.</doc>
<msg timestamp="20210916 10:07:05.198" level="INFO">POST Request : url=http://marvel.qaninja.academy/accounts 
 path_url=/accounts 
 headers={'User-Agent': 'python-requests/2.26.0', 'Accept-Encoding': 'gzip, deflate', 'Accept': '*/*', 'Connection': 'keep-alive', 'Content-Length': '29', 'Content-Type': 'application/json'} 
 body=b'{"email": "papito@yahoo.com"}' 
 </msg>
<msg timestamp="20210916 10:07:05.199" level="INFO">POST Response : url=http://marvel.qaninja.academy/accounts 
 status=200, reason=OK 
 headers={'Server': 'Cowboy', 'Connection': 'keep-alive', 'X-Powered-By': 'Express', 'Access-Control-Allow-Origin': '*', 'Content-Type': 'application/json; charset=utf-8', 'Content-Length': '41', 'Etag': 'W/"29-WIm+qvPTjcCVbrSQ1N5LTqheAEw"', 'Date': 'Thu, 16 Sep 2021 13:07:01 GMT', 'Via': '1.1 vegur'} 
 body={"client_key":"61301752874ab200165f1301"} 
 </msg>
<msg timestamp="20210916 10:07:05.200" level="INFO">${response} = &lt;Response [200]&gt;</msg>
<status status="PASS" starttime="20210916 10:07:04.864" endtime="20210916 10:07:05.200"/>
</kw>
<kw name="Set Variable" library="BuiltIn">
<var>${client_key}</var>
<arg>${response.json()}[client_key]</arg>
<doc>Returns the given values which can then be assigned to a variables.</doc>
<msg timestamp="20210916 10:07:05.208" level="INFO">${client_key} = 61301752874ab200165f1301</msg>
<status status="PASS" starttime="20210916 10:07:05.205" endtime="20210916 10:07:05.209"/>
</kw>
<kw name="Create Dictionary" library="BuiltIn">
<var>&amp;{HEADERS}</var>
<arg>client_key=${client_key}</arg>
<doc>Creates and returns a dictionary based on the given ``items``.</doc>
<msg timestamp="20210916 10:07:05.259" level="INFO">&amp;{HEADERS} = { client_key=61301752874ab200165f1301 }</msg>
<status status="PASS" starttime="20210916 10:07:05.257" endtime="20210916 10:07:05.259"/>
</kw>
<kw name="Set Suite Variable" library="BuiltIn">
<arg>${HEADERS}</arg>
<doc>Makes a variable available everywhere within the scope of the current suite.</doc>
<msg timestamp="20210916 10:07:05.265" level="INFO">${HEADERS} = {'client_key': '61301752874ab200165f1301'}</msg>
<status status="PASS" starttime="20210916 10:07:05.263" endtime="20210916 10:07:05.265"/>
</kw>
<status status="PASS" starttime="20210916 10:07:04.860" endtime="20210916 10:07:05.270"/>
</kw>
<kw name="Back To The Past" library="Base">
<kw name="DELETE" library="RequestsLibrary">
<arg>${API_URL}/delorean</arg>
<arg>headers=${HEADERS}</arg>
<doc>Sends a DELETE request.</doc>
<msg timestamp="20210916 10:07:05.591" level="INFO">DELETE Request : url=http://marvel.qaninja.academy/delorean 
 path_url=/delorean 
 headers={'User-Agent': 'python-requests/2.26.0', 'Accept-Encoding': 'gzip, deflate', 'Accept': '*/*', 'Connection': 'keep-alive', 'client_key': '61301752874ab200165f1301', 'Content-Length': '0'} 
 body=None 
 </msg>
<msg timestamp="20210916 10:07:05.591" level="INFO">DELETE Response : url=http://marvel.qaninja.academy/delorean 
 status=200, reason=OK 
 headers={'Server': 'Cowboy', 'Connection': 'keep-alive', 'X-Powered-By': 'Express', 'Access-Control-Allow-Origin': '*', 'Content-Type': 'application/json; charset=utf-8', 'Content-Length': '31', 'Etag': 'W/"1f-ImqlboUfbv1n1FbEV48J/4RvhGg"', 'Date': 'Thu, 16 Sep 2021 13:07:01 GMT', 'Via': '1.1 vegur'} 
 body={"message":"Avengers Assemble"} 
 </msg>
<status status="PASS" starttime="20210916 10:07:05.273" endtime="20210916 10:07:05.591"/>
</kw>
<status status="PASS" starttime="20210916 10:07:05.272" endtime="20210916 10:07:05.595"/>
</kw>
<status status="PASS" starttime="20210916 10:07:04.859" endtime="20210916 10:07:05.597"/>
</kw>
<test id="s1-s1-t1" name="Deve cadastrar um personagem">
<kw name="Factory Star Lord" library="Guardians">
<var>&amp;{personagem}</var>
<msg timestamp="20210916 10:07:05.674" level="INFO">&amp;{personagem} = { name=Peter Quill | aliases=Star Lord | age=30 | team=Guardians of the Galaxy | active=True }</msg>
<status status="PASS" starttime="20210916 10:07:05.672" endtime="20210916 10:07:05.674"/>
</kw>
<kw name="POST New Character" library="Characters">
<var>${response}</var>
<arg>${personagem}</arg>
<kw name="POST" library="RequestsLibrary">
<var>${response}</var>
<arg>${API_URL}/characters</arg>
<arg>json=${payload}</arg>
<arg>headers=${HEADERS}</arg>
<arg>expected_status=any</arg>
<doc>Sends a POST request.</doc>
<msg timestamp="20210916 10:07:05.995" level="INFO">POST Request : url=http://marvel.qaninja.academy/characters 
 path_url=/characters 
 headers={'User-Agent': 'python-requests/2.26.0', 'Accept-Encoding': 'gzip, deflate', 'Accept': '*/*', 'Connection': 'keep-alive', 'client_key': '61301752874ab200165f1301', 'Content-Length': '109', 'Content-Type': 'application/json'} 
 body=b'{"name": "Peter Quill", "aliases": "Star Lord", "age": 30, "team": "Guardians of the Galaxy", "active": true}' 
 </msg>
<msg timestamp="20210916 10:07:05.995" level="INFO">POST Response : url=http://marvel.qaninja.academy/characters 
 status=200, reason=OK 
 headers={'Server': 'Cowboy', 'Connection': 'keep-alive', 'X-Powered-By': 'Express', 'Access-Control-Allow-Origin': '*', 'Content-Type': 'application/json; charset=utf-8', 'Content-Length': '168', 'Etag': 'W/"a8-QvwYPRa71zmDGMMsQF28e8/84u0"', 'Date': 'Thu, 16 Sep 2021 13:07:02 GMT', 'Via': '1.1 vegur'} 
 body={"_id":"614341763d2b220016ba8ef8","name":"Peter Quill","age":30,"aliases":"Star Lord","team":"Guardians of the Galaxy","active":true,"owner":"61301752874ab200165f1301"} 
 </msg>
<msg timestamp="20210916 10:07:05.995" level="INFO">${response} = &lt;Response [200]&gt;</msg>
<status status="PASS" starttime="20210916 10:07:05.681" endtime="20210916 10:07:05.996"/>
</kw>
<msg timestamp="20210916 10:07:05.999" level="INFO">${response} = &lt;Response [200]&gt;</msg>
<status status="PASS" starttime="20210916 10:07:05.679" endtime="20210916 10:07:05.999"/>
</kw>
<kw name="Status Should Be" library="RequestsLibrary">
<arg>200</arg>
<arg>${response}</arg>
<doc>Fails if response status code is different than the expected.</doc>
<status status="PASS" starttime="20210916 10:07:06.004" endtime="20210916 10:07:06.006"/>
</kw>
<status status="PASS" starttime="20210916 10:07:05.598" endtime="20210916 10:07:06.008"/>
</test>
<test id="s1-s1-t2" name="Não pode cadastrar com o mesmo nome">
<kw name="Factory Groot" library="Guardians">
<var>${personagem}</var>
<msg timestamp="20210916 10:07:06.025" level="INFO">${personagem} = {'name': 'Groot', 'aliases': 'Groot', 'age': 300, 'team': 'Guardians of the Galaxy', 'active': True}</msg>
<status status="PASS" starttime="20210916 10:07:06.024" endtime="20210916 10:07:06.025"/>
</kw>
<kw name="POST New Character" library="Characters">
<arg>${personagem}</arg>
<kw name="POST" library="RequestsLibrary">
<var>${response}</var>
<arg>${API_URL}/characters</arg>
<arg>json=${payload}</arg>
<arg>headers=${HEADERS}</arg>
<arg>expected_status=any</arg>
<doc>Sends a POST request.</doc>
<msg timestamp="20210916 10:07:07.123" level="INFO">POST Request : url=http://marvel.qaninja.academy/characters 
 path_url=/characters 
 headers={'User-Agent': 'python-requests/2.26.0', 'Accept-Encoding': 'gzip, deflate', 'Accept': '*/*', 'Connection': 'keep-alive', 'client_key': '61301752874ab200165f1301', 'Content-Length': '100', 'Content-Type': 'application/json'} 
 body=b'{"name": "Groot", "aliases": "Groot", "age": 300, "team": "Guardians of the Galaxy", "active": true}' 
 </msg>
<msg timestamp="20210916 10:07:07.123" level="INFO">POST Response : url=http://marvel.qaninja.academy/characters 
 status=200, reason=OK 
 headers={'Server': 'Cowboy', 'Connection': 'keep-alive', 'X-Powered-By': 'Express', 'Access-Control-Allow-Origin': '*', 'Content-Type': 'application/json; charset=utf-8', 'Content-Length': '159', 'Etag': 'W/"9f-sFQNJo2w+Xxi9Avzfv7edfHgNso"', 'Date': 'Thu, 16 Sep 2021 13:07:02 GMT', 'Via': '1.1 vegur'} 
 body={"_id":"614341763d2b220016ba8efc","name":"Groot","age":300,"aliases":"Groot","team":"Guardians of the Galaxy","active":true,"owner":"61301752874ab200165f1301"} 
 </msg>
<msg timestamp="20210916 10:07:07.124" level="INFO">${response} = &lt;Response [200]&gt;</msg>
<status status="PASS" starttime="20210916 10:07:06.028" endtime="20210916 10:07:07.124"/>
</kw>
<status status="PASS" starttime="20210916 10:07:06.027" endtime="20210916 10:07:07.128"/>
</kw>
<kw name="POST New Character" library="Characters">
<var>${response}</var>
<arg>${personagem}</arg>
<kw name="POST" library="RequestsLibrary">
<var>${response}</var>
<arg>${API_URL}/characters</arg>
<arg>json=${payload}</arg>
<arg>headers=${HEADERS}</arg>
<arg>expected_status=any</arg>
<doc>Sends a POST request.</doc>
<msg timestamp="20210916 10:07:07.442" level="INFO">POST Request : url=http://marvel.qaninja.academy/characters 
 path_url=/characters 
 headers={'User-Agent': 'python-requests/2.26.0', 'Accept-Encoding': 'gzip, deflate', 'Accept': '*/*', 'Connection': 'keep-alive', 'client_key': '61301752874ab200165f1301', 'Content-Length': '100', 'Content-Type': 'application/json'} 
 body=b'{"name": "Groot", "aliases": "Groot", "age": 300, "team": "Guardians of the Galaxy", "active": true}' 
 </msg>
<msg timestamp="20210916 10:07:07.442" level="INFO">POST Response : url=http://marvel.qaninja.academy/characters 
 status=409, reason=Conflict 
 headers={'Server': 'Cowboy', 'Connection': 'keep-alive', 'X-Powered-By': 'Express', 'Access-Control-Allow-Origin': '*', 'Content-Type': 'application/json; charset=utf-8', 'Content-Length': '39', 'Etag': 'W/"27-u8CjYCAAYHK/l+EQR0JyKi0LQGU"', 'Date': 'Thu, 16 Sep 2021 13:07:03 GMT', 'Via': '1.1 vegur'} 
 body={"error":"Character already exists :("} 
 </msg>
<msg timestamp="20210916 10:07:07.442" level="INFO">${response} = &lt;Response [409]&gt;</msg>
<status status="PASS" starttime="20210916 10:07:07.133" endtime="20210916 10:07:07.443"/>
</kw>
<msg timestamp="20210916 10:07:07.473" level="INFO">${response} = &lt;Response [409]&gt;</msg>
<status status="PASS" starttime="20210916 10:07:07.131" endtime="20210916 10:07:07.474"/>
</kw>
<kw name="Status Should Be" library="RequestsLibrary">
<arg>409</arg>
<arg>${response}</arg>
<doc>Fails if response status code is different than the expected.</doc>
<status status="PASS" starttime="20210916 10:07:07.478" endtime="20210916 10:07:07.479"/>
</kw>
<kw name="Should Be Equal" library="BuiltIn">
<arg>${response.json()}[error]</arg>
<arg>Character already exists :(</arg>
<doc>Fails if the given objects are unequal.</doc>
<status status="PASS" starttime="20210916 10:07:07.481" endtime="20210916 10:07:07.486"/>
</kw>
<status status="PASS" starttime="20210916 10:07:06.023" endtime="20210916 10:07:07.488"/>
</test>
<doc>Suite de Teste do cadastro de personagens na API da Marvel</doc>
<status status="PASS" starttime="20210916 10:07:04.620" endtime="20210916 10:07:07.510"/>
</suite>
<suite id="s1-s2" name="RemoveCharacters" source="C:\projects\marvel-api\specs\RemoveCharacters.robot">
<kw name="Super Setup" library="Base" type="SETUP">
<arg>papito@hotmail.com</arg>
<kw name="Set Client Key" library="Base">
<arg>${email}</arg>
<kw name="Create Dictionary" library="BuiltIn">
<var>&amp;{usuario}</var>
<arg>email=${email}</arg>
<doc>Creates and returns a dictionary based on the given ``items``.</doc>
<msg timestamp="20210916 10:07:07.637" level="INFO">&amp;{usuario} = { email=papito@hotmail.com }</msg>
<status status="PASS" starttime="20210916 10:07:07.636" endtime="20210916 10:07:07.637"/>
</kw>
<kw name="POST" library="RequestsLibrary">
<var>${response}</var>
<arg>${API_URL}/accounts</arg>
<arg>json=${usuario}</arg>
<doc>Sends a POST request.</doc>
<msg timestamp="20210916 10:07:07.994" level="INFO">POST Request : url=http://marvel.qaninja.academy/accounts 
 path_url=/accounts 
 headers={'User-Agent': 'python-requests/2.26.0', 'Accept-Encoding': 'gzip, deflate', 'Accept': '*/*', 'Connection': 'keep-alive', 'Content-Length': '31', 'Content-Type': 'application/json'} 
 body=b'{"email": "papito@hotmail.com"}' 
 </msg>
<msg timestamp="20210916 10:07:07.994" level="INFO">POST Response : url=http://marvel.qaninja.academy/accounts 
 status=200, reason=OK 
 headers={'Server': 'Cowboy', 'Connection': 'keep-alive', 'X-Powered-By': 'Express', 'Access-Control-Allow-Origin': '*', 'Content-Type': 'application/json; charset=utf-8', 'Content-Length': '41', 'Etag': 'W/"29-/uXj14XsM9lUMtljKmeUMp+vyPk"', 'Date': 'Thu, 16 Sep 2021 13:07:04 GMT', 'Via': '1.1 vegur'} 
 body={"client_key":"6132b8966af31f00169d3e34"} 
 </msg>
<msg timestamp="20210916 10:07:07.995" level="INFO">${response} = &lt;Response [200]&gt;</msg>
<status status="PASS" starttime="20210916 10:07:07.652" endtime="20210916 10:07:07.995"/>
</kw>
<kw name="Set Variable" library="BuiltIn">
<var>${client_key}</var>
<arg>${response.json()}[client_key]</arg>
<doc>Returns the given values which can then be assigned to a variables.</doc>
<msg timestamp="20210916 10:07:08.042" level="INFO">${client_key} = 6132b8966af31f00169d3e34</msg>
<status status="PASS" starttime="20210916 10:07:08.040" endtime="20210916 10:07:08.042"/>
</kw>
<kw name="Create Dictionary" library="BuiltIn">
<var>&amp;{HEADERS}</var>
<arg>client_key=${client_key}</arg>
<doc>Creates and returns a dictionary based on the given ``items``.</doc>
<msg timestamp="20210916 10:07:08.049" level="INFO">&amp;{HEADERS} = { client_key=6132b8966af31f00169d3e34 }</msg>
<status status="PASS" starttime="20210916 10:07:08.046" endtime="20210916 10:07:08.050"/>
</kw>
<kw name="Set Suite Variable" library="BuiltIn">
<arg>${HEADERS}</arg>
<doc>Makes a variable available everywhere within the scope of the current suite.</doc>
<msg timestamp="20210916 10:07:08.056" level="INFO">${HEADERS} = {'client_key': '6132b8966af31f00169d3e34'}</msg>
<status status="PASS" starttime="20210916 10:07:08.054" endtime="20210916 10:07:08.056"/>
</kw>
<status status="PASS" starttime="20210916 10:07:07.635" endtime="20210916 10:07:08.118"/>
</kw>
<kw name="Back To The Past" library="Base">
<kw name="DELETE" library="RequestsLibrary">
<arg>${API_URL}/delorean</arg>
<arg>headers=${HEADERS}</arg>
<doc>Sends a DELETE request.</doc>
<msg timestamp="20210916 10:07:08.429" level="INFO">DELETE Request : url=http://marvel.qaninja.academy/delorean 
 path_url=/delorean 
 headers={'User-Agent': 'python-requests/2.26.0', 'Accept-Encoding': 'gzip, deflate', 'Accept': '*/*', 'Connection': 'keep-alive', 'client_key': '6132b8966af31f00169d3e34', 'Content-Length': '0'} 
 body=None 
 </msg>
<msg timestamp="20210916 10:07:08.429" level="INFO">DELETE Response : url=http://marvel.qaninja.academy/delorean 
 status=200, reason=OK 
 headers={'Server': 'Cowboy', 'Connection': 'keep-alive', 'X-Powered-By': 'Express', 'Access-Control-Allow-Origin': '*', 'Content-Type': 'application/json; charset=utf-8', 'Content-Length': '31', 'Etag': 'W/"1f-ImqlboUfbv1n1FbEV48J/4RvhGg"', 'Date': 'Thu, 16 Sep 2021 13:07:04 GMT', 'Via': '1.1 vegur'} 
 body={"message":"Avengers Assemble"} 
 </msg>
<status status="PASS" starttime="20210916 10:07:08.120" endtime="20210916 10:07:08.429"/>
</kw>
<status status="PASS" starttime="20210916 10:07:08.119" endtime="20210916 10:07:08.434"/>
</kw>
<status status="PASS" starttime="20210916 10:07:07.634" endtime="20210916 10:07:08.437"/>
</kw>
<test id="s1-s2-t1" name="Deve remover um personagem pelo Id">
<kw name="Factory Ciclope" library="Xmen">
<var>${personagem}</var>
<msg timestamp="20210916 10:07:08.442" level="INFO">${personagem} = {'name': 'Ciclope', 'aliases': 'Ciclope', 'age': 25, 'team': 'X-men', 'active': True}</msg>
<status status="PASS" starttime="20210916 10:07:08.441" endtime="20210916 10:07:08.442"/>
</kw>
<kw name="POST New Character" library="Characters">
<var>${ciclope}</var>
<arg>${personagem}</arg>
<kw name="POST" library="RequestsLibrary">
<var>${response}</var>
<arg>${API_URL}/characters</arg>
<arg>json=${payload}</arg>
<arg>headers=${HEADERS}</arg>
<arg>expected_status=any</arg>
<doc>Sends a POST request.</doc>
<msg timestamp="20210916 10:07:09.589" level="INFO">POST Request : url=http://marvel.qaninja.academy/characters 
 path_url=/characters 
 headers={'User-Agent': 'python-requests/2.26.0', 'Accept-Encoding': 'gzip, deflate', 'Accept': '*/*', 'Connection': 'keep-alive', 'client_key': '6132b8966af31f00169d3e34', 'Content-Length': '85', 'Content-Type': 'application/json'} 
 body=b'{"name": "Ciclope", "aliases": "Ciclope", "age": 25, "team": "X-men", "active": true}' 
 </msg>
<msg timestamp="20210916 10:07:09.589" level="INFO">POST Response : url=http://marvel.qaninja.academy/characters 
 status=200, reason=OK 
 headers={'Server': 'Cowboy', 'Connection': 'keep-alive', 'X-Powered-By': 'Express', 'Access-Control-Allow-Origin': '*', 'Content-Type': 'application/json; charset=utf-8', 'Content-Length': '144', 'Etag': 'W/"90-/KcxAto36QI9O2b6Rn3SzkyCPAU"', 'Date': 'Thu, 16 Sep 2021 13:07:05 GMT', 'Via': '1.1 vegur'} 
 body={"_id":"614341793d2b220016ba8f05","name":"Ciclope","age":25,"aliases":"Ciclope","team":"X-men","active":true,"owner":"6132b8966af31f00169d3e34"} 
 </msg>
<msg timestamp="20210916 10:07:09.590" level="INFO">${response} = &lt;Response [200]&gt;</msg>
<status status="PASS" starttime="20210916 10:07:08.449" endtime="20210916 10:07:09.590"/>
</kw>
<msg timestamp="20210916 10:07:09.750" level="INFO">${ciclope} = &lt;Response [200]&gt;</msg>
<status status="PASS" starttime="20210916 10:07:08.446" endtime="20210916 10:07:09.750"/>
</kw>
<kw name="Set Variable" library="BuiltIn">
<var>${ciclope_id}</var>
<arg>${ciclope.json()}[_id]</arg>
<doc>Returns the given values which can then be assigned to a variables.</doc>
<msg timestamp="20210916 10:07:09.842" level="INFO">${ciclope_id} = 614341793d2b220016ba8f05</msg>
<status status="PASS" starttime="20210916 10:07:09.839" endtime="20210916 10:07:09.842"/>
</kw>
<kw name="DELETE Character By Id" library="Characters">
<var>${response}</var>
<arg>${ciclope_id}</arg>
<kw name="DELETE" library="RequestsLibrary">
<var>${response}</var>
<arg>${API_URL}/characters/${character_id}</arg>
<arg>headers=${HEADERS}</arg>
<arg>expected_status=any</arg>
<doc>Sends a DELETE request.</doc>
<msg timestamp="20210916 10:07:10.833" level="INFO">DELETE Request : url=http://marvel.qaninja.academy/characters/614341793d2b220016ba8f05 
 path_url=/characters/614341793d2b220016ba8f05 
 headers={'User-Agent': 'python-requests/2.26.0', 'Accept-Encoding': 'gzip, deflate', 'Accept': '*/*', 'Connection': 'keep-alive', 'client_key': '6132b8966af31f00169d3e34', 'Content-Length': '0'} 
 body=None 
 </msg>
<msg timestamp="20210916 10:07:10.833" level="INFO">DELETE Response : url=http://marvel.qaninja.academy/characters/614341793d2b220016ba8f05 
 status=204, reason=No Content 
 headers={'Server': 'Cowboy', 'Content-Length': '0', 'Connection': 'keep-alive', 'X-Powered-By': 'Express', 'Access-Control-Allow-Origin': '*', 'Date': 'Thu, 16 Sep 2021 13:07:07 GMT', 'Via': '1.1 vegur'} 
 body=None 
 </msg>
<msg timestamp="20210916 10:07:10.834" level="INFO">${response} = &lt;Response [204]&gt;</msg>
<status status="PASS" starttime="20210916 10:07:09.848" endtime="20210916 10:07:10.834"/>
</kw>
<msg timestamp="20210916 10:07:10.838" level="INFO">${response} = &lt;Response [204]&gt;</msg>
<status status="PASS" starttime="20210916 10:07:09.846" endtime="20210916 10:07:10.838"/>
</kw>
<kw name="Status Should Be" library="RequestsLibrary">
<arg>204</arg>
<arg>${response}</arg>
<doc>Fails if response status code is different than the expected.</doc>
<status status="PASS" starttime="20210916 10:07:10.843" endtime="20210916 10:07:10.845"/>
</kw>
<kw name="GET Character By Id" library="Characters">
<var>${response2}</var>
<arg>${ciclope_id}</arg>
<kw name="GET" library="RequestsLibrary">
<var>${response}</var>
<arg>${API_URL}/characters/${character_id}</arg>
<arg>headers=${HEADERS}</arg>
<arg>expected_status=any</arg>
<doc>Sends a GET request.</doc>
<msg timestamp="20210916 10:07:11.184" level="INFO">GET Request : url=http://marvel.qaninja.academy/characters/614341793d2b220016ba8f05 
 path_url=/characters/614341793d2b220016ba8f05 
 headers={'User-Agent': 'python-requests/2.26.0', 'Accept-Encoding': 'gzip, deflate', 'Accept': '*/*', 'Connection': 'keep-alive', 'client_key': '6132b8966af31f00169d3e34'} 
 body=None 
 </msg>
<msg timestamp="20210916 10:07:11.185" level="INFO">GET Response : url=http://marvel.qaninja.academy/characters/614341793d2b220016ba8f05 
 status=404, reason=Not Found 
 headers={'Server': 'Cowboy', 'Connection': 'keep-alive', 'X-Powered-By': 'Express', 'Access-Control-Allow-Origin': '*', 'Date': 'Thu, 16 Sep 2021 13:07:07 GMT', 'Content-Length': '0', 'Via': '1.1 vegur'} 
 body=None 
 </msg>
<msg timestamp="20210916 10:07:11.185" level="INFO">${response} = &lt;Response [404]&gt;</msg>
<status status="PASS" starttime="20210916 10:07:10.850" endtime="20210916 10:07:11.185"/>
</kw>
<msg timestamp="20210916 10:07:11.292" level="INFO">${response2} = &lt;Response [404]&gt;</msg>
<status status="PASS" starttime="20210916 10:07:10.848" endtime="20210916 10:07:11.292"/>
</kw>
<kw name="Status Should Be" library="RequestsLibrary">
<arg>404</arg>
<arg>${response2}</arg>
<doc>Fails if response status code is different than the expected.</doc>
<status status="PASS" starttime="20210916 10:07:11.332" endtime="20210916 10:07:11.333"/>
</kw>
<status status="PASS" starttime="20210916 10:07:08.438" endtime="20210916 10:07:11.335"/>
</test>
<test id="s1-s2-t2" name="Não deve encontrar o usuário pelo Id">
<kw name="Get Unique Id" library="Helpers">
<var>${personagem_id}</var>
<msg timestamp="20210916 10:07:11.363" level="INFO">${personagem_id} = 6143417f4a47c62e443dc5c2</msg>
<status status="PASS" starttime="20210916 10:07:11.362" endtime="20210916 10:07:11.363"/>
</kw>
<kw name="DELETE Character By Id" library="Characters">
<var>${response}</var>
<arg>${personagem_id}</arg>
<kw name="DELETE" library="RequestsLibrary">
<var>${response}</var>
<arg>${API_URL}/characters/${character_id}</arg>
<arg>headers=${HEADERS}</arg>
<arg>expected_status=any</arg>
<doc>Sends a DELETE request.</doc>
<msg timestamp="20210916 10:07:11.690" level="INFO">DELETE Request : url=http://marvel.qaninja.academy/characters/6143417f4a47c62e443dc5c2 
 path_url=/characters/6143417f4a47c62e443dc5c2 
 headers={'User-Agent': 'python-requests/2.26.0', 'Accept-Encoding': 'gzip, deflate', 'Accept': '*/*', 'Connection': 'keep-alive', 'client_key': '6132b8966af31f00169d3e34', 'Content-Length': '0'} 
 body=None 
 </msg>
<msg timestamp="20210916 10:07:11.690" level="INFO">DELETE Response : url=http://marvel.qaninja.academy/characters/6143417f4a47c62e443dc5c2 
 status=404, reason=Not Found 
 headers={'Server': 'Cowboy', 'Connection': 'keep-alive', 'X-Powered-By': 'Express', 'Access-Control-Allow-Origin': '*', 'Date': 'Thu, 16 Sep 2021 13:07:08 GMT', 'Content-Length': '0', 'Via': '1.1 vegur'} 
 body=None 
 </msg>
<msg timestamp="20210916 10:07:11.691" level="INFO">${response} = &lt;Response [404]&gt;</msg>
<status status="PASS" starttime="20210916 10:07:11.369" endtime="20210916 10:07:11.691"/>
</kw>
<msg timestamp="20210916 10:07:11.697" level="INFO">${response} = &lt;Response [404]&gt;</msg>
<status status="PASS" starttime="20210916 10:07:11.368" endtime="20210916 10:07:11.697"/>
</kw>
<kw name="Status Should Be" library="RequestsLibrary">
<arg>404</arg>
<arg>${response}</arg>
<doc>Fails if response status code is different than the expected.</doc>
<status status="PASS" starttime="20210916 10:07:11.708" endtime="20210916 10:07:11.711"/>
</kw>
<status status="PASS" starttime="20210916 10:07:11.356" endtime="20210916 10:07:11.714"/>
</test>
<doc>Suite de Teste de exclusão de personagens na API da Marvel</doc>
<status status="PASS" starttime="20210916 10:07:07.613" endtime="20210916 10:07:11.731"/>
</suite>
<suite id="s1-s3" name="SearchCharacters" source="C:\projects\marvel-api\specs\SearchCharacters.robot">
<kw name="Super Setup" library="Base" type="SETUP">
<arg>papito@msn.com</arg>
<kw name="Set Client Key" library="Base">
<arg>${email}</arg>
<kw name="Create Dictionary" library="BuiltIn">
<var>&amp;{usuario}</var>
<arg>email=${email}</arg>
<doc>Creates and returns a dictionary based on the given ``items``.</doc>
<msg timestamp="20210916 10:07:11.795" level="INFO">&amp;{usuario} = { email=papito@msn.com }</msg>
<status status="PASS" starttime="20210916 10:07:11.793" endtime="20210916 10:07:11.795"/>
</kw>
<kw name="POST" library="RequestsLibrary">
<var>${response}</var>
<arg>${API_URL}/accounts</arg>
<arg>json=${usuario}</arg>
<doc>Sends a POST request.</doc>
<msg timestamp="20210916 10:07:13.833" level="INFO">POST Request : url=http://marvel.qaninja.academy/accounts 
 path_url=/accounts 
 headers={'User-Agent': 'python-requests/2.26.0', 'Accept-Encoding': 'gzip, deflate', 'Accept': '*/*', 'Connection': 'keep-alive', 'Content-Length': '27', 'Content-Type': 'application/json'} 
 body=b'{"email": "papito@msn.com"}' 
 </msg>
<msg timestamp="20210916 10:07:13.834" level="INFO">POST Response : url=http://marvel.qaninja.academy/accounts 
 status=200, reason=OK 
 headers={'Server': 'Cowboy', 'Connection': 'keep-alive', 'X-Powered-By': 'Express', 'Access-Control-Allow-Origin': '*', 'Content-Type': 'application/json; charset=utf-8', 'Content-Length': '41', 'Etag': 'W/"29-GKKn+efGDLlpE6tmLjS5ESo8HJM"', 'Date': 'Thu, 16 Sep 2021 13:07:10 GMT', 'Via': '1.1 vegur'} 
 body={"client_key":"612fc0d127a9d447546776e4"} 
 </msg>
<msg timestamp="20210916 10:07:13.834" level="INFO">${response} = &lt;Response [200]&gt;</msg>
<status status="PASS" starttime="20210916 10:07:11.797" endtime="20210916 10:07:13.834"/>
</kw>
<kw name="Set Variable" library="BuiltIn">
<var>${client_key}</var>
<arg>${response.json()}[client_key]</arg>
<doc>Returns the given values which can then be assigned to a variables.</doc>
<msg timestamp="20210916 10:07:13.842" level="INFO">${client_key} = 612fc0d127a9d447546776e4</msg>
<status status="PASS" starttime="20210916 10:07:13.838" endtime="20210916 10:07:13.842"/>
</kw>
<kw name="Create Dictionary" library="BuiltIn">
<var>&amp;{HEADERS}</var>
<arg>client_key=${client_key}</arg>
<doc>Creates and returns a dictionary based on the given ``items``.</doc>
<msg timestamp="20210916 10:07:13.847" level="INFO">&amp;{HEADERS} = { client_key=612fc0d127a9d447546776e4 }</msg>
<status status="PASS" starttime="20210916 10:07:13.845" endtime="20210916 10:07:13.847"/>
</kw>
<kw name="Set Suite Variable" library="BuiltIn">
<arg>${HEADERS}</arg>
<doc>Makes a variable available everywhere within the scope of the current suite.</doc>
<msg timestamp="20210916 10:07:13.882" level="INFO">${HEADERS} = {'client_key': '612fc0d127a9d447546776e4'}</msg>
<status status="PASS" starttime="20210916 10:07:13.881" endtime="20210916 10:07:13.883"/>
</kw>
<status status="PASS" starttime="20210916 10:07:11.791" endtime="20210916 10:07:13.885"/>
</kw>
<kw name="Back To The Past" library="Base">
<kw name="DELETE" library="RequestsLibrary">
<arg>${API_URL}/delorean</arg>
<arg>headers=${HEADERS}</arg>
<doc>Sends a DELETE request.</doc>
<msg timestamp="20210916 10:07:14.200" level="INFO">DELETE Request : url=http://marvel.qaninja.academy/delorean 
 path_url=/delorean 
 headers={'User-Agent': 'python-requests/2.26.0', 'Accept-Encoding': 'gzip, deflate', 'Accept': '*/*', 'Connection': 'keep-alive', 'client_key': '612fc0d127a9d447546776e4', 'Content-Length': '0'} 
 body=None 
 </msg>
<msg timestamp="20210916 10:07:14.201" level="INFO">DELETE Response : url=http://marvel.qaninja.academy/delorean 
 status=200, reason=OK 
 headers={'Server': 'Cowboy', 'Connection': 'keep-alive', 'X-Powered-By': 'Express', 'Access-Control-Allow-Origin': '*', 'Content-Type': 'application/json; charset=utf-8', 'Content-Length': '31', 'Etag': 'W/"1f-ImqlboUfbv1n1FbEV48J/4RvhGg"', 'Date': 'Thu, 16 Sep 2021 13:07:10 GMT', 'Via': '1.1 vegur'} 
 body={"message":"Avengers Assemble"} 
 </msg>
<status status="PASS" starttime="20210916 10:07:13.886" endtime="20210916 10:07:14.201"/>
</kw>
<status status="PASS" starttime="20210916 10:07:13.885" endtime="20210916 10:07:14.205"/>
</kw>
<status status="PASS" starttime="20210916 10:07:11.790" endtime="20210916 10:07:14.207"/>
</kw>
<test id="s1-s3-t1" name="Deve buscar um personagem pelo Id">
<kw name="Factory Logan" library="Xmen">
<var>${personagem}</var>
<msg timestamp="20210916 10:07:14.212" level="INFO">${personagem} = {'name': 'Logan', 'aliases': 'Wolverine', 'age': 100, 'team': 'X-men', 'active': True}</msg>
<status status="PASS" starttime="20210916 10:07:14.211" endtime="20210916 10:07:14.212"/>
</kw>
<kw name="POST New Character" library="Characters">
<var>${logan}</var>
<arg>${personagem}</arg>
<kw name="POST" library="RequestsLibrary">
<var>${response}</var>
<arg>${API_URL}/characters</arg>
<arg>json=${payload}</arg>
<arg>headers=${HEADERS}</arg>
<arg>expected_status=any</arg>
<doc>Sends a POST request.</doc>
<msg timestamp="20210916 10:07:16.504" level="INFO">POST Request : url=http://marvel.qaninja.academy/characters 
 path_url=/characters 
 headers={'User-Agent': 'python-requests/2.26.0', 'Accept-Encoding': 'gzip, deflate', 'Accept': '*/*', 'Connection': 'keep-alive', 'client_key': '612fc0d127a9d447546776e4', 'Content-Length': '86', 'Content-Type': 'application/json'} 
 body=b'{"name": "Logan", "aliases": "Wolverine", "age": 100, "team": "X-men", "active": true}' 
 </msg>
<msg timestamp="20210916 10:07:16.505" level="INFO">POST Response : url=http://marvel.qaninja.academy/characters 
 status=200, reason=OK 
 headers={'Server': 'Cowboy', 'Connection': 'keep-alive', 'X-Powered-By': 'Express', 'Access-Control-Allow-Origin': '*', 'Content-Type': 'application/json; charset=utf-8', 'Content-Length': '145', 'Etag': 'W/"91-9qd190+EHW7gIR8s/W4tUzPwglU"', 'Date': 'Thu, 16 Sep 2021 13:07:12 GMT', 'Via': '1.1 vegur'} 
 body={"_id":"614341803d2b220016ba8f13","name":"Logan","age":100,"aliases":"Wolverine","team":"X-men","active":true,"owner":"612fc0d127a9d447546776e4"} 
 </msg>
<msg timestamp="20210916 10:07:16.505" level="INFO">${response} = &lt;Response [200]&gt;</msg>
<status status="PASS" starttime="20210916 10:07:14.216" endtime="20210916 10:07:16.505"/>
</kw>
<msg timestamp="20210916 10:07:16.510" level="INFO">${logan} = &lt;Response [200]&gt;</msg>
<status status="PASS" starttime="20210916 10:07:14.215" endtime="20210916 10:07:16.510"/>
</kw>
<kw name="Set Variable" library="BuiltIn">
<var>${logan_id}</var>
<arg>${logan.json()}[_id]</arg>
<doc>Returns the given values which can then be assigned to a variables.</doc>
<msg timestamp="20210916 10:07:16.517" level="INFO">${logan_id} = 614341803d2b220016ba8f13</msg>
<status status="PASS" starttime="20210916 10:07:16.515" endtime="20210916 10:07:16.518"/>
</kw>
<kw name="GET Character By Id" library="Characters">
<var>${response}</var>
<arg>${logan_id}</arg>
<kw name="GET" library="RequestsLibrary">
<var>${response}</var>
<arg>${API_URL}/characters/${character_id}</arg>
<arg>headers=${HEADERS}</arg>
<arg>expected_status=any</arg>
<doc>Sends a GET request.</doc>
<msg timestamp="20210916 10:07:16.844" level="INFO">GET Request : url=http://marvel.qaninja.academy/characters/614341803d2b220016ba8f13 
 path_url=/characters/614341803d2b220016ba8f13 
 headers={'User-Agent': 'python-requests/2.26.0', 'Accept-Encoding': 'gzip, deflate', 'Accept': '*/*', 'Connection': 'keep-alive', 'client_key': '612fc0d127a9d447546776e4'} 
 body=None 
 </msg>
<msg timestamp="20210916 10:07:16.845" level="INFO">GET Response : url=http://marvel.qaninja.academy/characters/614341803d2b220016ba8f13 
 status=200, reason=OK 
 headers={'Server': 'Cowboy', 'Connection': 'keep-alive', 'X-Powered-By': 'Express', 'Access-Control-Allow-Origin': '*', 'Content-Type': 'application/json; charset=utf-8', 'Content-Length': '145', 'Etag': 'W/"91-9qd190+EHW7gIR8s/W4tUzPwglU"', 'Date': 'Thu, 16 Sep 2021 13:07:13 GMT', 'Via': '1.1 vegur'} 
 body={"_id":"614341803d2b220016ba8f13","name":"Logan","age":100,"aliases":"Wolverine","team":"X-men","active":true,"owner":"612fc0d127a9d447546776e4"} 
 </msg>
<msg timestamp="20210916 10:07:16.845" level="INFO">${response} = &lt;Response [200]&gt;</msg>
<status status="PASS" starttime="20210916 10:07:16.523" endtime="20210916 10:07:16.845"/>
</kw>
<msg timestamp="20210916 10:07:16.850" level="INFO">${response} = &lt;Response [200]&gt;</msg>
<status status="PASS" starttime="20210916 10:07:16.521" endtime="20210916 10:07:16.850"/>
</kw>
<kw name="Status Should Be" library="RequestsLibrary">
<arg>200</arg>
<arg>${response}</arg>
<doc>Fails if response status code is different than the expected.</doc>
<status status="PASS" starttime="20210916 10:07:16.874" endtime="20210916 10:07:16.875"/>
</kw>
<kw name="Should Be Equal" library="BuiltIn">
<arg>${logan.json()}[name]</arg>
<arg>${personagem}[name]</arg>
<doc>Fails if the given objects are unequal.</doc>
<status status="PASS" starttime="20210916 10:07:16.877" endtime="20210916 10:07:16.880"/>
</kw>
<kw name="Should Be Equal" library="BuiltIn">
<arg>${logan.json()}[aliases]</arg>
<arg>${personagem}[aliases]</arg>
<doc>Fails if the given objects are unequal.</doc>
<status status="PASS" starttime="20210916 10:07:16.882" endtime="20210916 10:07:16.887"/>
</kw>
<kw name="Should Be Equal" library="BuiltIn">
<arg>${logan.json()}[age]</arg>
<arg>${personagem}[age]</arg>
<doc>Fails if the given objects are unequal.</doc>
<status status="PASS" starttime="20210916 10:07:16.889" endtime="20210916 10:07:16.893"/>
</kw>
<kw name="Should Be Equal" library="BuiltIn">
<arg>${logan.json()}[team]</arg>
<arg>${personagem}[team]</arg>
<doc>Fails if the given objects are unequal.</doc>
<status status="PASS" starttime="20210916 10:07:16.895" endtime="20210916 10:07:16.898"/>
</kw>
<kw name="Should Be Equal" library="BuiltIn">
<arg>${logan.json()}[active]</arg>
<arg>${personagem}[active]</arg>
<doc>Fails if the given objects are unequal.</doc>
<status status="PASS" starttime="20210916 10:07:16.905" endtime="20210916 10:07:16.910"/>
</kw>
<status status="PASS" starttime="20210916 10:07:14.208" endtime="20210916 10:07:16.913"/>
</test>
<test id="s1-s3-t2" name="Não deve retornar o personagem pelo Id">
<kw name="Get Unique Id" library="Helpers">
<var>${personagem_id}</var>
<msg timestamp="20210916 10:07:16.931" level="INFO">${personagem_id} = 614341844a47c62e443dc5c3</msg>
<status status="PASS" starttime="20210916 10:07:16.929" endtime="20210916 10:07:16.931"/>
</kw>
<kw name="GET Character By Id" library="Characters">
<var>${response}</var>
<arg>${personagem_id}</arg>
<kw name="GET" library="RequestsLibrary">
<var>${response}</var>
<arg>${API_URL}/characters/${character_id}</arg>
<arg>headers=${HEADERS}</arg>
<arg>expected_status=any</arg>
<doc>Sends a GET request.</doc>
<msg timestamp="20210916 10:07:17.240" level="INFO">GET Request : url=http://marvel.qaninja.academy/characters/614341844a47c62e443dc5c3 
 path_url=/characters/614341844a47c62e443dc5c3 
 headers={'User-Agent': 'python-requests/2.26.0', 'Accept-Encoding': 'gzip, deflate', 'Accept': '*/*', 'Connection': 'keep-alive', 'client_key': '612fc0d127a9d447546776e4'} 
 body=None 
 </msg>
<msg timestamp="20210916 10:07:17.241" level="INFO">GET Response : url=http://marvel.qaninja.academy/characters/614341844a47c62e443dc5c3 
 status=404, reason=Not Found 
 headers={'Server': 'Cowboy', 'Connection': 'keep-alive', 'X-Powered-By': 'Express', 'Access-Control-Allow-Origin': '*', 'Date': 'Thu, 16 Sep 2021 13:07:13 GMT', 'Content-Length': '0', 'Via': '1.1 vegur'} 
 body=None 
 </msg>
<msg timestamp="20210916 10:07:17.241" level="INFO">${response} = &lt;Response [404]&gt;</msg>
<status status="PASS" starttime="20210916 10:07:16.939" endtime="20210916 10:07:17.241"/>
</kw>
<msg timestamp="20210916 10:07:17.245" level="INFO">${response} = &lt;Response [404]&gt;</msg>
<status status="PASS" starttime="20210916 10:07:16.937" endtime="20210916 10:07:17.246"/>
</kw>
<kw name="Status Should Be" library="RequestsLibrary">
<arg>404</arg>
<arg>${response}</arg>
<doc>Fails if response status code is different than the expected.</doc>
<status status="PASS" starttime="20210916 10:07:17.250" endtime="20210916 10:07:17.252"/>
</kw>
<status status="PASS" starttime="20210916 10:07:16.926" endtime="20210916 10:07:17.255"/>
</test>
<doc>Suite de Teste do busca de personagens na API da Marvel</doc>
<status status="PASS" starttime="20210916 10:07:11.776" endtime="20210916 10:07:17.273"/>
</suite>
<status status="PASS" starttime="20210916 10:07:04.581" endtime="20210916 10:07:17.381"/>
</suite>
<statistics>
<total>
<stat pass="6" fail="0" skip="0">All Tests</stat>
</total>
<tag>
</tag>
<suite>
<stat pass="6" fail="0" skip="0" id="s1" name="Specs">Specs</stat>
<stat pass="2" fail="0" skip="0" id="s1-s1" name="CreateCharacters">Specs.CreateCharacters</stat>
<stat pass="2" fail="0" skip="0" id="s1-s2" name="RemoveCharacters">Specs.RemoveCharacters</stat>
<stat pass="2" fail="0" skip="0" id="s1-s3" name="SearchCharacters">Specs.SearchCharacters</stat>
</suite>
</statistics>
<errors>
</errors>
</robot>
